<?xml version="1.0" encoding="UTF-8"?>
<testsuite name="org.zerock.springex.SampleTests" tests="1" skipped="0" failures="0" errors="0" timestamp="2024-06-04T18:34:45" hostname="OZO" time="0.01">
  <properties/>
  <testcase name="testService1()" classname="org.zerock.springex.SampleTests" time="0.01"/>
  <system-out><![CDATA[ 03:34:45 INFO  [org.springframework.test.context.support.DefaultTestContextBootstrapper] Loaded default TestExecutionListener class names from location [META-INF/spring.factories]: [org.springframework.test.context.web.ServletTestExecutionListener, org.springframework.test.context.support.DirtiesContextBeforeModesTestExecutionListener, org.springframework.test.context.event.ApplicationEventsTestExecutionListener, org.springframework.test.context.support.DependencyInjectionTestExecutionListener, org.springframework.test.context.support.DirtiesContextTestExecutionListener, org.springframework.test.context.transaction.TransactionalTestExecutionListener, org.springframework.test.context.jdbc.SqlScriptsTestExecutionListener, org.springframework.test.context.event.EventPublishingTestExecutionListener]
 03:34:45 INFO  [org.springframework.test.context.support.DefaultTestContextBootstrapper] Using TestExecutionListeners: [org.springframework.test.context.support.DirtiesContextBeforeModesTestExecutionListener@2f40a43, org.springframework.test.context.event.ApplicationEventsTestExecutionListener@3caa4757, org.springframework.test.context.support.DependencyInjectionTestExecutionListener@69c43e48, org.springframework.test.context.support.DirtiesContextTestExecutionListener@1804f60d, org.springframework.test.context.event.EventPublishingTestExecutionListener@3a80515c]
 03:34:45 INFO  [org.zerock.springex.SampleTests] org.zerock.springex.sample.SampleService@52fc5eb1
]]></system-out>
  <system-err><![CDATA[]]></system-err>
</testsuite>
