<?xml version="1.0" encoding="UTF-8"?>
<testsuite name="org.zerock.springex.mapper.TimeMapperTests" tests="1" skipped="0" failures="0" errors="0" timestamp="2024-06-05T04:29:29" hostname="OZO" time="0.071">
  <properties/>
  <testcase name="testGetTime()" classname="org.zerock.springex.mapper.TimeMapperTests" time="0.071"/>
  <system-out><![CDATA[ 01:29:28 INFO  [org.springframework.test.context.support.DefaultTestContextBootstrapper] Loaded default TestExecutionListener class names from location [META-INF/spring.factories]: [org.springframework.test.context.web.ServletTestExecutionListener, org.springframework.test.context.support.DirtiesContextBeforeModesTestExecutionListener, org.springframework.test.context.event.ApplicationEventsTestExecutionListener, org.springframework.test.context.support.DependencyInjectionTestExecutionListener, org.springframework.test.context.support.DirtiesContextTestExecutionListener, org.springframework.test.context.transaction.TransactionalTestExecutionListener, org.springframework.test.context.jdbc.SqlScriptsTestExecutionListener, org.springframework.test.context.event.EventPublishingTestExecutionListener]
 01:29:28 INFO  [org.springframework.test.context.support.DefaultTestContextBootstrapper] Using TestExecutionListeners: [org.springframework.test.context.support.DirtiesContextBeforeModesTestExecutionListener@74d7184a, org.springframework.test.context.event.ApplicationEventsTestExecutionListener@51b01960, org.springframework.test.context.support.DependencyInjectionTestExecutionListener@6831d8fd, org.springframework.test.context.support.DirtiesContextTestExecutionListener@27dc79f7, org.springframework.test.context.transaction.TransactionalTestExecutionListener@6b85300e, org.springframework.test.context.jdbc.SqlScriptsTestExecutionListener@3aaf4f07, org.springframework.test.context.event.EventPublishingTestExecutionListener@5cbf9e9f]
 01:29:29 INFO  [com.zaxxer.hikari.HikariDataSource] HikariPool-1 - Starting...
 01:29:29 INFO  [com.zaxxer.hikari.pool.HikariPool] HikariPool-1 - Added connection org.mariadb.jdbc.Connection@118102ee
 01:29:29 INFO  [com.zaxxer.hikari.HikariDataSource] HikariPool-1 - Start completed.
 01:29:29 INFO  [org.zerock.springex.mapper.TimeMapperTests] 2024-06-05 13:29:29
]]></system-out>
  <system-err><![CDATA[]]></system-err>
</testsuite>
