<?xml version="1.0" encoding="UTF-8"?>
<testsuite name="org.zerock.springex.SampleTests" tests="1" skipped="0" failures="0" errors="0" timestamp="2024-06-04T18:03:03" hostname="OZO" time="0.013">
  <properties/>
  <testcase name="testService1()" classname="org.zerock.springex.SampleTests" time="0.013"/>
  <system-out><![CDATA[ 03:03:03 INFO  [org.springframework.test.context.support.DefaultTestContextBootstrapper] Loaded default TestExecutionListener class names from location [META-INF/spring.factories]: [org.springframework.test.context.web.ServletTestExecutionListener, org.springframework.test.context.support.DirtiesContextBeforeModesTestExecutionListener, org.springframework.test.context.event.ApplicationEventsTestExecutionListener, org.springframework.test.context.support.DependencyInjectionTestExecutionListener, org.springframework.test.context.support.DirtiesContextTestExecutionListener, org.springframework.test.context.transaction.TransactionalTestExecutionListener, org.springframework.test.context.jdbc.SqlScriptsTestExecutionListener, org.springframework.test.context.event.EventPublishingTestExecutionListener]
 03:03:03 INFO  [org.springframework.test.context.support.DefaultTestContextBootstrapper] Using TestExecutionListeners: [org.springframework.test.context.support.DirtiesContextBeforeModesTestExecutionListener@4cee7fa0, org.springframework.test.context.event.ApplicationEventsTestExecutionListener@7a26928a, org.springframework.test.context.support.DependencyInjectionTestExecutionListener@601cbd8c, org.springframework.test.context.support.DirtiesContextTestExecutionListener@7180e701, org.springframework.test.context.event.EventPublishingTestExecutionListener@4e2c95ee]
 03:03:03 INFO  [org.zerock.springex.SampleTests] org.zerock.springex.sample.SampleService@351e414e
]]></system-out>
  <system-err><![CDATA[]]></system-err>
</testsuite>
